{"C:\\Users\\scm08\\source\\repos\\AIOSS\\sahahaha\\week_12\\core.js": {"path":"C:\\Users\\scm08\\source\\repos\\AIOSS\\sahahaha\\week_12\\core.js","statementMap":{"0":{"start":{"line":2,"column":21},"end":{"line":31,"column":1}},"1":{"start":{"line":5,"column":4},"end":{"line":5,"column":44}},"2":{"start":{"line":5,"column":35},"end":{"line":5,"column":44}},"3":{"start":{"line":6,"column":4},"end":{"line":6,"column":28}},"4":{"start":{"line":11,"column":4},"end":{"line":11,"column":52}},"5":{"start":{"line":11,"column":33},"end":{"line":11,"column":52}},"6":{"start":{"line":12,"column":4},"end":{"line":12,"column":52}},"7":{"start":{"line":12,"column":33},"end":{"line":12,"column":52}},"8":{"start":{"line":13,"column":4},"end":{"line":13,"column":17}},"9":{"start":{"line":18,"column":4},"end":{"line":18,"column":24}},"10":{"start":{"line":23,"column":4},"end":{"line":23,"column":26}},"11":{"start":{"line":28,"column":4},"end":{"line":28,"column":49}},"12":{"start":{"line":28,"column":29},"end":{"line":28,"column":49}},"13":{"start":{"line":29,"column":4},"end":{"line":29,"column":24}},"14":{"start":{"line":33,"column":0},"end":{"line":33,"column":30}}},"fnMap":{"0":{"name":"(anonymous_0)","decl":{"start":{"line":4,"column":18},"end":{"line":4,"column":19}},"loc":{"start":{"line":4,"column":39},"end":{"line":7,"column":3}},"line":4},"1":{"name":"(anonymous_1)","decl":{"start":{"line":10,"column":15},"end":{"line":10,"column":16}},"loc":{"start":{"line":10,"column":38},"end":{"line":14,"column":3}},"line":10},"2":{"name":"(anonymous_2)","decl":{"start":{"line":17,"column":16},"end":{"line":17,"column":17}},"loc":{"start":{"line":17,"column":28},"end":{"line":19,"column":3}},"line":17},"3":{"name":"(anonymous_3)","decl":{"start":{"line":22,"column":18},"end":{"line":22,"column":19}},"loc":{"start":{"line":22,"column":29},"end":{"line":24,"column":3}},"line":22},"4":{"name":"(anonymous_4)","decl":{"start":{"line":27,"column":19},"end":{"line":27,"column":20}},"loc":{"start":{"line":27,"column":41},"end":{"line":30,"column":3}},"line":27}},"branchMap":{"0":{"loc":{"start":{"line":5,"column":4},"end":{"line":5,"column":44}},"type":"if","locations":[{"start":{"line":5,"column":4},"end":{"line":5,"column":44}},{"start":{},"end":{}}],"line":5},"1":{"loc":{"start":{"line":5,"column":8},"end":{"line":5,"column":33}},"type":"binary-expr","locations":[{"start":{"line":5,"column":8},"end":{"line":5,"column":17}},{"start":{"line":5,"column":21},"end":{"line":5,"column":33}}],"line":5},"2":{"loc":{"start":{"line":11,"column":4},"end":{"line":11,"column":52}},"type":"if","locations":[{"start":{"line":11,"column":4},"end":{"line":11,"column":52}},{"start":{},"end":{}}],"line":11},"3":{"loc":{"start":{"line":12,"column":4},"end":{"line":12,"column":52}},"type":"if","locations":[{"start":{"line":12,"column":4},"end":{"line":12,"column":52}},{"start":{},"end":{}}],"line":12},"4":{"loc":{"start":{"line":28,"column":4},"end":{"line":28,"column":49}},"type":"if","locations":[{"start":{"line":28,"column":4},"end":{"line":28,"column":49}},{"start":{},"end":{}}],"line":28}},"s":{"0":1,"1":2,"2":1,"3":1,"4":3,"5":1,"6":2,"7":1,"8":1,"9":1,"10":2,"11":2,"12":1,"13":1,"14":1},"f":{"0":2,"1":3,"2":1,"3":2,"4":2},"b":{"0":[1,1],"1":[2,1],"2":[1,2],"3":[1,1],"4":[1,1]},"_coverageSchema":"1a1c01bbd47fc00a2c39e90264f33305004495a9","hash":"e0b47b6e9e0d1a69db0a0882032b54b27ed8f786"}
}
